flutter/build/app/intermediates/manifest_merge_blame_file/debug/manifest-merger-blame-debug-report.txt
1<?xml version="1.0" encoding="utf-8"?>
2<manifest xmlns:android="http://schemas.android.com/apk/res/android"
3    package="com.example.anyen_clinic"
4    android:versionCode="1"
5    android:versionName="0.1.0" >
6
7    <uses-sdk
8        android:minSdkVersion="23"
9        android:targetSdkVersion="33" />
10    <!--
11         The INTERNET permission is required for development. Specifically,
12         the Flutter tool needs it to communicate with the running application
13         to allow setting breakpoints, to provide hot reload, etc.
14    -->
15    <uses-permission android:name="android.permission.INTERNET" />
15-->src/main/AndroidManifest.xml:7:5-66
15-->src/main/AndroidManifest.xml:7:22-64
16    <uses-permission android:name="android.permission.READ_EXTERNAL_STORAGE" />
16-->src/main/AndroidManifest.xml:2:5-79
16-->src/main/AndroidManifest.xml:2:22-77
17    <uses-permission android:name="android.permission.CAMERA" />
17-->src/main/AndroidManifest.xml:3:5-64
17-->src/main/AndroidManifest.xml:3:22-62
18    <uses-permission android:name="android.permission.RECORD_AUDIO" />
18-->src/main/AndroidManifest.xml:4:5-71
18-->src/main/AndroidManifest.xml:4:22-68
19    <uses-permission android:name="android.permission.MODIFY_AUDIO_SETTINGS" />
19-->src/main/AndroidManifest.xml:5:5-80
19-->src/main/AndroidManifest.xml:5:22-77
20    <uses-permission
20-->src/main/AndroidManifest.xml:6:5-81
21        android:name="android.permission.WRITE_EXTERNAL_STORAGE"
21-->src/main/AndroidManifest.xml:6:22-78
22        android:maxSdkVersion="28" />
22-->[:camera_android_camerax] AndroidManifest.xml:13:9-35
23    <uses-permission android:name="android.permission.READ_MEDIA_AUDIO" />
23-->src/main/AndroidManifest.xml:8:5-74
23-->src/main/AndroidManifest.xml:8:22-72
24    <uses-permission android:name="android.permission.FOREGROUND_SERVICE" />
24-->src/main/AndroidManifest.xml:9:5-76
24-->src/main/AndroidManifest.xml:9:22-74
25    <!--
26 Required to query activities that can process text, see:
27         https://developer.android.com/training/package-visibility and
28         https://developer.android.com/reference/android/content/Intent#ACTION_PROCESS_TEXT.
29
30         In particular, this is used by the Flutter engine in io.flutter.plugin.text.ProcessTextPlugin.
31    -->
32    <queries>
32-->src/main/AndroidManifest.xml:50:5-55:15
33        <intent>
33-->src/main/AndroidManifest.xml:51:9-54:18
34            <action android:name="android.intent.action.PROCESS_TEXT" />
34-->src/main/AndroidManifest.xml:52:13-72
34-->src/main/AndroidManifest.xml:52:21-70
35
36            <data android:mimeType="text/plain" />
36-->src/main/AndroidManifest.xml:53:13-50
36-->src/main/AndroidManifest.xml:53:19-48
37        </intent>
38    </queries>
39
40    <uses-feature android:name="android.hardware.camera.any" />
40-->[:camera_android_camerax] AndroidManifest.xml:7:5-64
40-->[:camera_android_camerax] AndroidManifest.xml:7:19-61
41
42    <permission
42-->[androidx.core:core:1.13.1] AndroidManifest.xml:22:5-24:47
43        android:name="com.example.anyen_clinic.DYNAMIC_RECEIVER_NOT_EXPORTED_PERMISSION"
43-->[androidx.core:core:1.13.1] AndroidManifest.xml:23:9-81
44        android:protectionLevel="signature" />
44-->[androidx.core:core:1.13.1] AndroidManifest.xml:24:9-44
45
46    <uses-permission android:name="com.example.anyen_clinic.DYNAMIC_RECEIVER_NOT_EXPORTED_PERMISSION" />
46-->[androidx.core:core:1.13.1] AndroidManifest.xml:26:5-97
46-->[androidx.core:core:1.13.1] AndroidManifest.xml:26:22-94
47    <uses-permission
47-->[com.github.davidliu:audioswitch:89582c47c9a04c62f90aa5e57251af4800a62c9a] AndroidManifest.xml:9:5-11:38
48        android:name="android.permission.BLUETOOTH"
48-->[com.github.davidliu:audioswitch:89582c47c9a04c62f90aa5e57251af4800a62c9a] AndroidManifest.xml:10:9-52
49        android:maxSdkVersion="30" />
49-->[com.github.davidliu:audioswitch:89582c47c9a04c62f90aa5e57251af4800a62c9a] AndroidManifest.xml:11:9-35
50
51    <application
52        android:name="android.app.Application"
53        android:appComponentFactory="androidx.core.app.CoreComponentFactory"
53-->[androidx.core:core:1.13.1] AndroidManifest.xml:28:18-86
54        android:debuggable="true"
55        android:extractNativeLibs="false"
56        android:icon="@mipmap/ic_launcher"
57        android:label="anyen_clinic"
58        android:requestLegacyExternalStorage="true" >
59        <activity
60            android:name="com.example.anyen_clinic.MainActivity"
61            android:configChanges="orientation|keyboardHidden|keyboard|screenSize|smallestScreenSize|locale|layoutDirection|fontScale|screenLayout|density|uiMode"
62            android:exported="true"
63            android:hardwareAccelerated="true"
64            android:launchMode="singleTop"
65            android:taskAffinity=""
66            android:theme="@style/LaunchTheme"
67            android:windowSoftInputMode="adjustResize" >
68
69            <!--
70                 Specifies an Android theme to apply to this Activity as soon as
71                 the Android process has started. This theme is visible to the user
72                 while the Flutter UI initializes. After that, this theme continues
73                 to determine the Window background behind the Flutter UI.
74            -->
75            <meta-data
76                android:name="io.flutter.embedding.android.NormalTheme"
77                android:resource="@style/NormalTheme" />
78
79            <intent-filter>
80                <action android:name="android.intent.action.MAIN" />
81
82                <category android:name="android.intent.category.LAUNCHER" />
83            </intent-filter>
84        </activity>
85        <!--
86             Don't delete the meta-data below.
87             This is used by the Flutter tool to generate GeneratedPluginRegistrant.java
88        -->
89        <meta-data
90            android:name="flutterEmbedding"
91            android:value="2" />
92
93        <service
93-->[androidx.camera:camera-camera2:1.4.1] AndroidManifest.xml:24:9-33:19
94            android:name="androidx.camera.core.impl.MetadataHolderService"
94-->[androidx.camera:camera-camera2:1.4.1] AndroidManifest.xml:25:13-75
95            android:enabled="false"
95-->[androidx.camera:camera-camera2:1.4.1] AndroidManifest.xml:26:13-36
96            android:exported="false" >
96-->[androidx.camera:camera-camera2:1.4.1] AndroidManifest.xml:27:13-37
97            <meta-data
97-->[androidx.camera:camera-camera2:1.4.1] AndroidManifest.xml:30:13-32:89
98                android:name="androidx.camera.core.impl.MetadataHolderService.DEFAULT_CONFIG_PROVIDER"
98-->[androidx.camera:camera-camera2:1.4.1] AndroidManifest.xml:31:17-103
99                android:value="androidx.camera.camera2.Camera2Config$DefaultProvider" />
99-->[androidx.camera:camera-camera2:1.4.1] AndroidManifest.xml:32:17-86
100        </service>
101
102        <provider
102-->[:image_picker_android] AndroidManifest.xml:9:9-17:20
103            android:name="io.flutter.plugins.imagepicker.ImagePickerFileProvider"
103-->[:image_picker_android] AndroidManifest.xml:10:13-82
104            android:authorities="com.example.anyen_clinic.flutter.image_provider"
104-->[:image_picker_android] AndroidManifest.xml:11:13-74
105            android:exported="false"
105-->[:image_picker_android] AndroidManifest.xml:12:13-37
106            android:grantUriPermissions="true" >
106-->[:image_picker_android] AndroidManifest.xml:13:13-47
107            <meta-data
107-->[:image_picker_android] AndroidManifest.xml:14:13-16:75
108                android:name="android.support.FILE_PROVIDER_PATHS"
108-->[:image_picker_android] AndroidManifest.xml:15:17-67
109                android:resource="@xml/flutter_image_picker_file_paths" />
109-->[:image_picker_android] AndroidManifest.xml:16:17-72
110        </provider> <!-- Trigger Google Play services to install the backported photo picker module. -->
111        <service
111-->[:image_picker_android] AndroidManifest.xml:19:9-31:19
112            android:name="com.google.android.gms.metadata.ModuleDependencies"
112-->[:image_picker_android] AndroidManifest.xml:20:13-78
113            android:enabled="false"
113-->[:image_picker_android] AndroidManifest.xml:21:13-36
114            android:exported="false" >
114-->[:image_picker_android] AndroidManifest.xml:22:13-37
115            <intent-filter>
115-->[:image_picker_android] AndroidManifest.xml:24:13-26:29
116                <action android:name="com.google.android.gms.metadata.MODULE_DEPENDENCIES" />
116-->[:image_picker_android] AndroidManifest.xml:25:17-94
116-->[:image_picker_android] AndroidManifest.xml:25:25-91
117            </intent-filter>
118
119            <meta-data
119-->[:image_picker_android] AndroidManifest.xml:28:13-30:36
120                android:name="photopicker_activity:0:required"
120-->[:image_picker_android] AndroidManifest.xml:29:17-63
121                android:value="" />
121-->[:image_picker_android] AndroidManifest.xml:30:17-33
122        </service>
123
124        <activity
124-->[:url_launcher_android] AndroidManifest.xml:8:9-11:74
125            android:name="io.flutter.plugins.urllauncher.WebViewActivity"
125-->[:url_launcher_android] AndroidManifest.xml:9:13-74
126            android:exported="false"
126-->[:url_launcher_android] AndroidManifest.xml:10:13-37
127            android:theme="@android:style/Theme.NoTitleBar.Fullscreen" />
127-->[:url_launcher_android] AndroidManifest.xml:11:13-71
128
129        <uses-library
129-->[androidx.window:window:1.2.0] AndroidManifest.xml:23:9-25:40
130            android:name="androidx.window.extensions"
130-->[androidx.window:window:1.2.0] AndroidManifest.xml:24:13-54
131            android:required="false" />
131-->[androidx.window:window:1.2.0] AndroidManifest.xml:25:13-37
132        <uses-library
132-->[androidx.window:window:1.2.0] AndroidManifest.xml:26:9-28:40
133            android:name="androidx.window.sidecar"
133-->[androidx.window:window:1.2.0] AndroidManifest.xml:27:13-51
134            android:required="false" />
134-->[androidx.window:window:1.2.0] AndroidManifest.xml:28:13-37
135
136        <provider
136-->[androidx.lifecycle:lifecycle-process:2.7.0] AndroidManifest.xml:24:9-32:20
137            android:name="androidx.startup.InitializationProvider"
137-->[androidx.lifecycle:lifecycle-process:2.7.0] AndroidManifest.xml:25:13-67
138            android:authorities="com.example.anyen_clinic.androidx-startup"
138-->[androidx.lifecycle:lifecycle-process:2.7.0] AndroidManifest.xml:26:13-68
139            android:exported="false" >
139-->[androidx.lifecycle:lifecycle-process:2.7.0] AndroidManifest.xml:27:13-37
140            <meta-data
140-->[androidx.lifecycle:lifecycle-process:2.7.0] AndroidManifest.xml:29:13-31:52
141                android:name="androidx.lifecycle.ProcessLifecycleInitializer"
141-->[androidx.lifecycle:lifecycle-process:2.7.0] AndroidManifest.xml:30:17-78
142                android:value="androidx.startup" />
142-->[androidx.lifecycle:lifecycle-process:2.7.0] AndroidManifest.xml:31:17-49
143            <meta-data
143-->[androidx.profileinstaller:profileinstaller:1.3.1] AndroidManifest.xml:29:13-31:52
144                android:name="androidx.profileinstaller.ProfileInstallerInitializer"
144-->[androidx.profileinstaller:profileinstaller:1.3.1] AndroidManifest.xml:30:17-85
145                android:value="androidx.startup" />
145-->[androidx.profileinstaller:profileinstaller:1.3.1] AndroidManifest.xml:31:17-49
146        </provider>
147
148        <receiver
148-->[androidx.profileinstaller:profileinstaller:1.3.1] AndroidManifest.xml:34:9-52:20
149            android:name="androidx.profileinstaller.ProfileInstallReceiver"
149-->[androidx.profileinstaller:profileinstaller:1.3.1] AndroidManifest.xml:35:13-76
150            android:directBootAware="false"
150-->[androidx.profileinstaller:profileinstaller:1.3.1] AndroidManifest.xml:36:13-44
151            android:enabled="true"
151-->[androidx.profileinstaller:profileinstaller:1.3.1] AndroidManifest.xml:37:13-35
152            android:exported="true"
152-->[androidx.profileinstaller:profileinstaller:1.3.1] AndroidManifest.xml:38:13-36
153            android:permission="android.permission.DUMP" >
153-->[androidx.profileinstaller:profileinstaller:1.3.1] AndroidManifest.xml:39:13-57
154            <intent-filter>
154-->[androidx.profileinstaller:profileinstaller:1.3.1] AndroidManifest.xml:40:13-42:29
155                <action android:name="androidx.profileinstaller.action.INSTALL_PROFILE" />
155-->[androidx.profileinstaller:profileinstaller:1.3.1] AndroidManifest.xml:41:17-91
155-->[androidx.profileinstaller:profileinstaller:1.3.1] AndroidManifest.xml:41:25-88
156            </intent-filter>
157            <intent-filter>
157-->[androidx.profileinstaller:profileinstaller:1.3.1] AndroidManifest.xml:43:13-45:29
158                <action android:name="androidx.profileinstaller.action.SKIP_FILE" />
158-->[androidx.profileinstaller:profileinstaller:1.3.1] AndroidManifest.xml:44:17-85
158-->[androidx.profileinstaller:profileinstaller:1.3.1] AndroidManifest.xml:44:25-82
159            </intent-filter>
160            <intent-filter>
160-->[androidx.profileinstaller:profileinstaller:1.3.1] AndroidManifest.xml:46:13-48:29
161                <action android:name="androidx.profileinstaller.action.SAVE_PROFILE" />
161-->[androidx.profileinstaller:profileinstaller:1.3.1] AndroidManifest.xml:47:17-88
161-->[androidx.profileinstaller:profileinstaller:1.3.1] AndroidManifest.xml:47:25-85
162            </intent-filter>
163            <intent-filter>
163-->[androidx.profileinstaller:profileinstaller:1.3.1] AndroidManifest.xml:49:13-51:29
164                <action android:name="androidx.profileinstaller.action.BENCHMARK_OPERATION" />
164-->[androidx.profileinstaller:profileinstaller:1.3.1] AndroidManifest.xml:50:17-95
164-->[androidx.profileinstaller:profileinstaller:1.3.1] AndroidManifest.xml:50:25-92
165            </intent-filter>
166        </receiver>
167    </application>
168
169</manifest>